<?xml version="1.0" encoding="UTF-8"?>
<testsuite name="com.mood.MoodAnalyzerTest" tests="1" skipped="0" failures="0" errors="0" timestamp="2020-05-31T17:14:33" hostname="BABA-PC" time="0.002">
  <properties/>
  <testcase name="givenMood_WhenAnyMood_ShouldReturnSAD" classname="com.mood.MoodAnalyzerTest" time="0.002"/>
  <system-out><![CDATA[]]></system-out>
  <system-err><![CDATA[]]></system-err>
</testsuite>
