<?xml version="1.0" encoding="UTF-8"?>
<testsuite name="com.mood.MoodAnalyzerTest" tests="1" skipped="0" failures="0" errors="0" timestamp="2020-05-31T12:15:36" hostname="BABA-PC" time="0.004">
  <properties/>
  <testcase name="givenMood_WhenIsEmpty_ShouldReturnThrowException" classname="com.mood.MoodAnalyzerTest" time="0.004"/>
  <system-out><![CDATA[]]></system-out>
  <system-err><![CDATA[]]></system-err>
</testsuite>
